<?xml version="1.0" encoding="UTF-8"?>
<testsuite xmlns:xsi="http://www.w3.org/2001/XMLSchema-instance" xsi:noNamespaceSchemaLocation="https://maven.apache.org/surefire/maven-surefire-plugin/xsd/surefire-test-report-3.0.xsd" version="3.0" name="cucumber.Options.TestRunner" time="6.644" tests="3" errors="0" skipped="0" failures="0">
  <properties>
[...]
</properties>
  <testcase name="Verify user able to add place" classname="Verify Add Place Functionality Using Add Place API" time="1.964">
    <system-out><![CDATA[18f658c7e9706ec1b03eb2728832c298
]]></system-out>
  </testcase>
  <testcase name="Verify user can retrieve place details" classname="Verify Add Place Functionality Using Add Place API" time="1.336"/>
  <testcase name="Verify user can delete the place" classname="Verify Add Place Functionality Using Add Place API" time="2.898"/>
</testsuite>